<?xml version="1.0" encoding="UTF-8"?>
<testsuite xmlns:xsi="http://www.w3.org/2001/XMLSchema-instance" xsi:noNamespaceSchemaLocation="https://maven.apache.org/surefire/maven-surefire-plugin/xsd/surefire-test-report-3.0.xsd" version="3.0" name="ua.edu.dnu.fpm.calc.main.AppTest" time="0.092" tests="4" errors="0" skipped="0" failures="0">
  <properties>
    <property name="java.specification.version" value="17"/>
    <property name="sun.cpu.isalist" value="amd64"/>
    <property name="sun.jnu.encoding" value="Cp1251"/>
    <property name="java.class.path" value="C:\Лабораторні\ДНУ\3 курс (5-й та 6-й семестри)\Java Backend\lab№1\calculator\calc-main\target\test-classes;C:\Лабораторні\ДНУ\3 курс (5-й та 6-й семестри)\Java Backend\lab№1\calculator\calc-main\target\classes;C:\Лабораторні\ДНУ\3 курс (5-й та 6-й семестри)\Java Backend\lab№1\calculator\calc-core\target\classes;C:\Лабораторні\ДНУ\3 курс (5-й та 6-й семестри)\Java Backend\lab№1\calculator\calc-api\target\classes;C:\Users\starv\.m2\repository\org\junit\jupiter\junit-jupiter\5.9.3\junit-jupiter-5.9.3.jar;C:\Users\starv\.m2\repository\org\junit\jupiter\junit-jupiter-api\5.9.3\junit-jupiter-api-5.9.3.jar;C:\Users\starv\.m2\repository\org\opentest4j\opentest4j\1.2.0\opentest4j-1.2.0.jar;C:\Users\starv\.m2\repository\org\junit\platform\junit-platform-commons\1.9.3\junit-platform-commons-1.9.3.jar;C:\Users\starv\.m2\repository\org\apiguardian\apiguardian-api\1.1.2\apiguardian-api-1.1.2.jar;C:\Users\starv\.m2\repository\org\junit\jupiter\junit-jupiter-params\5.9.3\junit-jupiter-params-5.9.3.jar;C:\Users\starv\.m2\repository\org\junit\jupiter\junit-jupiter-engine\5.9.3\junit-jupiter-engine-5.9.3.jar;C:\Users\starv\.m2\repository\org\junit\platform\junit-platform-engine\1.9.3\junit-platform-engine-1.9.3.jar;C:\Users\starv\.m2\repository\org\hamcrest\hamcrest\2.2\hamcrest-2.2.jar;"/>
    <property name="java.vm.vendor" value="Eclipse Adoptium"/>
    <property name="sun.arch.data.model" value="64"/>
    <property name="user.variant" value=""/>
    <property name="java.vendor.url" value="https://adoptium.net/"/>
    <property name="user.timezone" value="Europe/Kiev"/>
    <property name="os.name" value="Windows 11"/>
    <property name="java.vm.specification.version" value="17"/>
    <property name="sun.java.launcher" value="SUN_STANDARD"/>
    <property name="user.country" value="UA"/>
    <property name="sun.boot.library.path" value="C:\Program Files\Eclipse Adoptium\jdk-17.0.12.7-hotspot\bin"/>
    <property name="sun.java.command" value="C:\Users\starv\AppData\Local\Temp\surefire4304042336470325571\surefirebooter-20241220001252383_6.jar C:\Users\starv\AppData\Local\Temp\surefire4304042336470325571 2024-12-20T00-12-48_534-jvmRun1 surefire-20241220001252383_4tmp surefire_1-20241220001252383_5tmp"/>
    <property name="jdk.debug" value="release"/>
    <property name="surefire.test.class.path" value="C:\Лабораторні\ДНУ\3 курс (5-й та 6-й семестри)\Java Backend\lab№1\calculator\calc-main\target\test-classes;C:\Лабораторні\ДНУ\3 курс (5-й та 6-й семестри)\Java Backend\lab№1\calculator\calc-main\target\classes;C:\Лабораторні\ДНУ\3 курс (5-й та 6-й семестри)\Java Backend\lab№1\calculator\calc-core\target\classes;C:\Лабораторні\ДНУ\3 курс (5-й та 6-й семестри)\Java Backend\lab№1\calculator\calc-api\target\classes;C:\Users\starv\.m2\repository\org\junit\jupiter\junit-jupiter\5.9.3\junit-jupiter-5.9.3.jar;C:\Users\starv\.m2\repository\org\junit\jupiter\junit-jupiter-api\5.9.3\junit-jupiter-api-5.9.3.jar;C:\Users\starv\.m2\repository\org\opentest4j\opentest4j\1.2.0\opentest4j-1.2.0.jar;C:\Users\starv\.m2\repository\org\junit\platform\junit-platform-commons\1.9.3\junit-platform-commons-1.9.3.jar;C:\Users\starv\.m2\repository\org\apiguardian\apiguardian-api\1.1.2\apiguardian-api-1.1.2.jar;C:\Users\starv\.m2\repository\org\junit\jupiter\junit-jupiter-params\5.9.3\junit-jupiter-params-5.9.3.jar;C:\Users\starv\.m2\repository\org\junit\jupiter\junit-jupiter-engine\5.9.3\junit-jupiter-engine-5.9.3.jar;C:\Users\starv\.m2\repository\org\junit\platform\junit-platform-engine\1.9.3\junit-platform-engine-1.9.3.jar;C:\Users\starv\.m2\repository\org\hamcrest\hamcrest\2.2\hamcrest-2.2.jar;"/>
    <property name="sun.cpu.endian" value="little"/>
    <property name="user.home" value="C:\Users\starv"/>
    <property name="user.language" value="uk"/>
    <property name="java.specification.vendor" value="Oracle Corporation"/>
    <property name="java.version.date" value="2024-07-16"/>
    <property name="java.home" value="C:\Program Files\Eclipse Adoptium\jdk-17.0.12.7-hotspot"/>
    <property name="file.separator" value="\"/>
    <property name="basedir" value="C:\Лабораторні\ДНУ\3 курс (5-й та 6-й семестри)\Java Backend\lab№1\calculator\calc-main"/>
    <property name="java.vm.compressedOopsMode" value="32-bit"/>
    <property name="line.separator" value="&#10;"/>
    <property name="java.vm.specification.vendor" value="Oracle Corporation"/>
    <property name="java.specification.name" value="Java Platform API Specification"/>
    <property name="surefire.real.class.path" value="C:\Users\starv\AppData\Local\Temp\surefire4304042336470325571\surefirebooter-20241220001252383_6.jar"/>
    <property name="user.script" value=""/>
    <property name="sun.management.compiler" value="HotSpot 64-Bit Tiered Compilers"/>
    <property name="java.runtime.version" value="17.0.12+7"/>
    <property name="user.name" value="starv"/>
    <property name="path.separator" value=";"/>
    <property name="os.version" value="10.0"/>
    <property name="java.runtime.name" value="OpenJDK Runtime Environment"/>
    <property name="file.encoding" value="UTF-8"/>
    <property name="java.vm.name" value="OpenJDK 64-Bit Server VM"/>
    <property name="java.vendor.version" value="Temurin-17.0.12+7"/>
    <property name="localRepository" value="C:\Users\starv\.m2\repository"/>
    <property name="java.vendor.url.bug" value="https://github.com/adoptium/adoptium-support/issues"/>
    <property name="java.io.tmpdir" value="C:\Users\starv\AppData\Local\Temp\"/>
    <property name="java.version" value="17.0.12"/>
    <property name="user.dir" value="C:\Лабораторні\ДНУ\3 курс (5-й та 6-й семестри)\Java Backend\lab№1\calculator\calc-main"/>
    <property name="os.arch" value="amd64"/>
    <property name="java.vm.specification.name" value="Java Virtual Machine Specification"/>
    <property name="sun.os.patch.level" value=""/>
    <property name="native.encoding" value="Cp1251"/>
    <property name="java.library.path" value="C:\Program Files\Eclipse Adoptium\jdk-17.0.12.7-hotspot\bin;C:\WINDOWS\Sun\Java\bin;C:\WINDOWS\system32;C:\WINDOWS;C:\Users\starv\bin;C:\Program Files\Git\mingw64\bin;C:\Program Files\Git\usr\local\bin;C:\Program Files\Git\usr\bin;C:\Program Files\Git\usr\bin;C:\Program Files\Git\mingw64\bin;C:\Program Files\Git\usr\bin;C:\Users\starv\bin;C:\Program Files\Eclipse Adoptium\jdk-21.0.4.7-hotspot\bin;C:\Program Files\Eclipse Adoptium\jdk-17.0.12.7-hotspot\bin;C:\Oracle_21c\WINDOWS.X64_213000_db_home\bin;C:\WINDOWS\system32;C:\WINDOWS;C:\WINDOWS\System32\Wbem;C:\WINDOWS\System32\WindowsPowerShell\v1.0;C:\WINDOWS\System32\OpenSSH;C:\Aldec\Active-HDL-12-x64\bin;C:\Symica Free\bin;C:\Program Files\Go\bin;C:\PHP\php-8.2.12-nts-Win32-vs16-x64;C:\ProgramData\chocolatey\bin;C:\ProgramData\chocolatey\lib\maven\apache-maven-3.9.6\bin;C:\Program Files\Amazon\AWSCLIV2;C:\Program Files\Docker\Docker\resources\bin;C:\Program Files\HP\HP One Agent;C:\Program Files\nodejs;C:\Program Files\PuTTY;C:\Program Files\Git\cmd;C:\Users\starv\AppData\Local\Programs\Python\Python313\Scripts;C:\Users\starv\AppData\Local\Programs\Python\Python313;C:\Users\starv\AppData\Local\Programs\Python\Python311\Scripts;C:\Users\starv\AppData\Local\Programs\Python\Python311;C:\Users\starv\AppData\Local\Microsoft\WindowsApps;C:\Users\starv\AppData\Local\Programs\Microsoft VS Code\bin;C:\Users\starv\go\bin;C:\PHP\php-8.2.12-nts-Win32-vs16-x64;C:\Program Files\Oracle\VirtualBox;C:\Users\starv\AppData\Roaming\npm;C:\Program Files\nodejs;C:\Program Files\Git\usr\bin\vendor_perl;C:\Program Files\Git\usr\bin\core_perl;."/>
    <property name="java.vm.info" value="mixed mode, sharing"/>
    <property name="java.vendor" value="Eclipse Adoptium"/>
    <property name="java.vm.version" value="17.0.12+7"/>
    <property name="sun.io.unicode.encoding" value="UnicodeLittle"/>
    <property name="java.class.version" value="61.0"/>
  </properties>
  <testcase name="shouldRunApplicationWithoutErrors" classname="ua.edu.dnu.fpm.calc.main.AppTest" time="0.068">
    <system-out><![CDATA[Received arguments:
Arg 0: '10'
Arg 1: '5'
Arg 2: '+'
number1=10 number2=5 operator=+ result=15
Total args: 3, Number args: 2, Max number: 10
]]></system-out>
  </testcase>
  <testcase name="shouldHandleInvalidOperator" classname="ua.edu.dnu.fpm.calc.main.AppTest" time="0.001">
    <system-out><![CDATA[Received arguments:
Arg 0: '10'
Arg 1: '5'
Arg 2: 'invalidOperator'
Invalid operator: 'invalidOperator'
]]></system-out>
  </testcase>
  <testcase name="shouldHandleInsufficientArguments" classname="ua.edu.dnu.fpm.calc.main.AppTest" time="0.001">
    <system-out><![CDATA[Received arguments:
Arg 0: '10'
Please provide at least three arguments: number1 number2 operator
]]></system-out>
  </testcase>
  <testcase name="shouldHandleDivisionByZero" classname="ua.edu.dnu.fpm.calc.main.AppTest" time="0.001">
    <system-out><![CDATA[Received arguments:
Arg 0: '10'
Arg 1: '0'
Arg 2: '/'
Error: Cannot divide by zero
]]></system-out>
  </testcase>
</testsuite>